{"name": "Проверка раздела 'Вопросы о важном'", "status": "broken", "statusDetails": {"message": "selenium.common.exceptions.ElementClickInterceptedException: Message: Element <div id=\"accordion__heading-6\" class=\"accordion__button\"> is not clickable at point (951,406) because another element <img src=\"/assets/scooter.png\"> obscures it; For documentation on this error, please visit: https://www.selenium.dev/documentation/webdriver/troubleshooting/errors#elementclickinterceptedexception\nStacktrace:\nRemoteError@chrome://remote/content/shared/RemoteError.sys.mjs:8:8\nWebDriverError@chrome://remote/content/shared/webdriver/Errors.sys.mjs:202:5\nElementClickInterceptedError@chrome://remote/content/shared/webdriver/Errors.sys.mjs:354:5\nwebdriverClickElement@chrome://remote/content/marionette/interaction.sys.mjs:175:11\ninteraction.clickElement@chrome://remote/content/marionette/interaction.sys.mjs:134:11\nclickElement@chrome://remote/content/marionette/actors/MarionetteCommandsChild.sys.mjs:327:29\nreceiveMessage@chrome://remote/content/marionette/actors/MarionetteCommandsChild.sys.mjs:210:31", "trace": "self = <test_main_page.TestMainPageFAQ object at 0x1027ba690>\ndriver = <selenium.webdriver.firefox.webdriver.WebDriver (session=\"e3ed5eca-90a6-4f69-a4f3-c5b9414d01ce\")>\nquestion_namber = 6\nexpected_answer = 'Да, пока самокат не привезли. Штрафа не будет, объяснительной записки тоже не попросим. Все же свои.'\n\n    @allure.title(\"Проверка раздела 'Вопросы о важном'\")\n    @pytest.mark.parametrize('question_namber, expected_answer', TestData.test_data_faq_answer)\n    def test_click_to_question_and_get_answer(self, driver, question_namber, expected_answer):\n        main_page = MainPageFAQ(driver)\n        main_page.click_on_button_cookie()\n        main_page.scroll_to_faq_section()\n        main_page.wait_visibility_of_faq_items(question_namber)\n>       main_page.click_on_faq_item(question_namber)\n\ntests/test_main_page.py:21: \n_ _ _ _ _ _ _ _ _ _ _ _ _ _ _ _ _ _ _ _ _ _ _ _ _ _ _ _ _ _ _ _ _ _ _ _ _ _ _ _ _ \npage/main_page.py:22: in click_on_faq_item\n    self.click_on_element_with_wait(MainPagesLocators.FAQ_SECTION_ITEM_QUISTIONS[data])\npage/base_page.py:52: in click_on_element_with_wait\n    element.click()\n.venv-1/lib/python3.13/site-packages/selenium/webdriver/remote/webelement.py:120: in click\n    self._execute(Command.CLICK_ELEMENT)\n.venv-1/lib/python3.13/site-packages/selenium/webdriver/remote/webelement.py:573: in _execute\n    return self._parent.execute(command, params)\n           ^^^^^^^^^^^^^^^^^^^^^^^^^^^^^^^^^^^^^\n.venv-1/lib/python3.13/site-packages/selenium/webdriver/remote/webdriver.py:458: in execute\n    self.error_handler.check_response(response)\n_ _ _ _ _ _ _ _ _ _ _ _ _ _ _ _ _ _ _ _ _ _ _ _ _ _ _ _ _ _ _ _ _ _ _ _ _ _ _ _ _ \n\nself = <selenium.webdriver.remote.errorhandler.ErrorHandler object at 0x1027a7a50>\nresponse = {'status': 400, 'value': '{\"value\":{\"error\":\"element click intercepted\",\"message\":\"Element <div id=\\\\\"accordion__headi...\"accordion__heading-6\\\\\" class=\\\\\"accordion__button\\\\\">\",\"overlayingElement\":\"<img src=\\\\\"/assets/scooter.png\\\\\">\"}}}'}\n\n    def check_response(self, response: dict[str, Any]) -> None:\n        \"\"\"Checks that a JSON response from the WebDriver does not have an\n        error.\n    \n        :Args:\n         - response - The JSON response from the WebDriver server as a dictionary\n           object.\n    \n        :Raises: If the response contains an error message.\n        \"\"\"\n        status = response.get(\"status\", None)\n        if not status or status == ErrorCode.SUCCESS:\n            return\n        value = None\n        message = response.get(\"message\", \"\")\n        screen: str = response.get(\"screen\", \"\")\n        stacktrace = None\n        if isinstance(status, int):\n            value_json = response.get(\"value\", None)\n            if value_json and isinstance(value_json, str):\n                try:\n                    value = json.loads(value_json)\n                    if isinstance(value, dict):\n                        if len(value) == 1:\n                            value = value[\"value\"]\n                        status = value.get(\"error\", None)\n                        if not status:\n                            status = value.get(\"status\", ErrorCode.UNKNOWN_ERROR)\n                            message = value.get(\"value\") or value.get(\"message\")\n                            if not isinstance(message, str):\n                                value = message\n                                message = message.get(\"message\")\n                        else:\n                            message = value.get(\"message\", None)\n                except ValueError:\n                    pass\n    \n        exception_class: type[WebDriverException]\n        e = ErrorCode()\n        error_codes = [item for item in dir(e) if not item.startswith(\"__\")]\n        for error_code in error_codes:\n            error_info = getattr(ErrorCode, error_code)\n            if isinstance(error_info, list) and status in error_info:\n                exception_class = getattr(ExceptionMapping, error_code, WebDriverException)\n                break\n        else:\n            exception_class = WebDriverException\n    \n        if not value:\n            value = response[\"value\"]\n        if isinstance(value, str):\n            raise exception_class(value)\n        if message == \"\" and \"message\" in value:\n            message = value[\"message\"]\n    \n        screen = None  # type: ignore[assignment]\n        if \"screen\" in value:\n            screen = value[\"screen\"]\n    \n        stacktrace = None\n        st_value = value.get(\"stackTrace\") or value.get(\"stacktrace\")\n        if st_value:\n            if isinstance(st_value, str):\n                stacktrace = st_value.split(\"\\n\")\n            else:\n                stacktrace = []\n                try:\n                    for frame in st_value:\n                        line = frame.get(\"lineNumber\", \"\")\n                        file = frame.get(\"fileName\", \"<anonymous>\")\n                        if line:\n                            file = f\"{file}:{line}\"\n                        meth = frame.get(\"methodName\", \"<anonymous>\")\n                        if \"className\" in frame:\n                            meth = f\"{frame['className']}.{meth}\"\n                        msg = \"    at %s (%s)\"\n                        msg = msg % (meth, file)\n                        stacktrace.append(msg)\n                except TypeError:\n                    pass\n        if exception_class == UnexpectedAlertPresentException:\n            alert_text = None\n            if \"data\" in value:\n                alert_text = value[\"data\"].get(\"text\")\n            elif \"alert\" in value:\n                alert_text = value[\"alert\"].get(\"text\")\n            raise exception_class(message, screen, stacktrace, alert_text)  # type: ignore[call-arg]  # mypy is not smart enough here\n>       raise exception_class(message, screen, stacktrace)\nE       selenium.common.exceptions.ElementClickInterceptedException: Message: Element <div id=\"accordion__heading-6\" class=\"accordion__button\"> is not clickable at point (951,406) because another element <img src=\"/assets/scooter.png\"> obscures it; For documentation on this error, please visit: https://www.selenium.dev/documentation/webdriver/troubleshooting/errors#elementclickinterceptedexception\nE       Stacktrace:\nE       RemoteError@chrome://remote/content/shared/RemoteError.sys.mjs:8:8\nE       WebDriverError@chrome://remote/content/shared/webdriver/Errors.sys.mjs:202:5\nE       ElementClickInterceptedError@chrome://remote/content/shared/webdriver/Errors.sys.mjs:354:5\nE       webdriverClickElement@chrome://remote/content/marionette/interaction.sys.mjs:175:11\nE       interaction.clickElement@chrome://remote/content/marionette/interaction.sys.mjs:134:11\nE       clickElement@chrome://remote/content/marionette/actors/MarionetteCommandsChild.sys.mjs:327:29\nE       receiveMessage@chrome://remote/content/marionette/actors/MarionetteCommandsChild.sys.mjs:210:31\n\n.venv-1/lib/python3.13/site-packages/selenium/webdriver/remote/errorhandler.py:232: ElementClickInterceptedException"}, "steps": [{"name": "Открываем браузер", "status": "passed", "parameters": [{"name": "driver", "value": "<selenium.webdriver.firefox.webdriver.WebDriver (session=\"e3ed5eca-90a6-4f69-a4f3-c5b9414d01ce\")>"}], "start": 1759065736560, "stop": 1759065736560}, {"name": "Нажать на кнопку согласия с куки \"да все привыкли\"", "status": "passed", "steps": [{"name": "Кликнуть на элемент", "status": "passed", "parameters": [{"name": "locator", "value": "('xpath', \"//button[contains(text(), 'да все привыкли')]\")"}], "start": 1759065736560, "stop": 1759065736634}], "start": 1759065736560, "stop": 1759065736634}, {"name": "Проскролить до секции \"Вопросы о важном\"", "status": "passed", "steps": [{"name": "Скроллим до нужного элемента", "status": "passed", "parameters": [{"name": "locator", "value": "('xpath', '//div[contains(@class,\"Home_FAQ__\")]')"}, {"name": "timeout", "value": "10"}], "start": 1759065736634, "stop": 1759065736641}], "start": 1759065736634, "stop": 1759065736641}, {"name": "Подождать загрузки нужного номера вопроса в аккордеоне \"Вопросы о важном\"", "status": "passed", "steps": [{"name": "Ждем загрузку элемента", "status": "passed", "parameters": [{"name": "locator", "value": "('id', 'accordion__heading-6')"}, {"name": "timeout", "value": "10"}], "start": 1759065736641, "stop": 1759065736646}], "parameters": [{"name": "data", "value": "6"}], "start": 1759065736641, "stop": 1759065736646}, {"name": "Кликнуть на нужный номер вопроса в аккордеоне \"Вопросы о важном\"", "status": "broken", "statusDetails": {"message": "selenium.common.exceptions.ElementClickInterceptedException: Message: Element <div id=\"accordion__heading-6\" class=\"accordion__button\"> is not clickable at point (951,406) because another element <img src=\"/assets/scooter.png\"> obscures it; For documentation on this error, please visit: https://www.selenium.dev/documentation/webdriver/troubleshooting/errors#elementclickinterceptedexception\nStacktrace:\nRemoteError@chrome://remote/content/shared/RemoteError.sys.mjs:8:8\nWebDriverError@chrome://remote/content/shared/webdriver/Errors.sys.mjs:202:5\nElementClickInterceptedError@chrome://remote/content/shared/webdriver/Errors.sys.mjs:354:5\nwebdriverClickElement@chrome://remote/content/marionette/interaction.sys.mjs:175:11\ninteraction.clickElement@chrome://remote/content/marionette/interaction.sys.mjs:134:11\nclickElement@chrome://remote/content/marionette/actors/MarionetteCommandsChild.sys.mjs:327:29\nreceiveMessage@chrome://remote/content/marionette/actors/MarionetteCommandsChild.sys.mjs:210:31\n\n", "trace": "  File \"/Users/elizavetaalekseeva/Desktop/Sprint_6/Sprint_6/.venv-1/lib/python3.13/site-packages/allure_commons/_allure.py\", line 202, in impl\n    return func(*a, **kw)\n  File \"/Users/elizavetaalekseeva/Desktop/Sprint_6/Sprint_6/page/main_page.py\", line 22, in click_on_faq_item\n    self.click_on_element_with_wait(MainPagesLocators.FAQ_SECTION_ITEM_QUISTIONS[data])\n    ~~~~~~~~~~~~~~~~~~~~~~~~~~~~~~~^^^^^^^^^^^^^^^^^^^^^^^^^^^^^^^^^^^^^^^^^^^^^^^^^^^^\n  File \"/Users/elizavetaalekseeva/Desktop/Sprint_6/Sprint_6/.venv-1/lib/python3.13/site-packages/allure_commons/_allure.py\", line 202, in impl\n    return func(*a, **kw)\n  File \"/Users/elizavetaalekseeva/Desktop/Sprint_6/Sprint_6/page/base_page.py\", line 52, in click_on_element_with_wait\n    element.click()\n    ~~~~~~~~~~~~~^^\n  File \"/Users/elizavetaalekseeva/Desktop/Sprint_6/Sprint_6/.venv-1/lib/python3.13/site-packages/selenium/webdriver/remote/webelement.py\", line 120, in click\n    self._execute(Command.CLICK_ELEMENT)\n    ~~~~~~~~~~~~~^^^^^^^^^^^^^^^^^^^^^^^\n  File \"/Users/elizavetaalekseeva/Desktop/Sprint_6/Sprint_6/.venv-1/lib/python3.13/site-packages/selenium/webdriver/remote/webelement.py\", line 573, in _execute\n    return self._parent.execute(command, params)\n           ~~~~~~~~~~~~~~~~~~~~^^^^^^^^^^^^^^^^^\n  File \"/Users/elizavetaalekseeva/Desktop/Sprint_6/Sprint_6/.venv-1/lib/python3.13/site-packages/selenium/webdriver/remote/webdriver.py\", line 458, in execute\n    self.error_handler.check_response(response)\n    ~~~~~~~~~~~~~~~~~~~~~~~~~~~~~~~~~^^^^^^^^^^\n  File \"/Users/elizavetaalekseeva/Desktop/Sprint_6/Sprint_6/.venv-1/lib/python3.13/site-packages/selenium/webdriver/remote/errorhandler.py\", line 232, in check_response\n    raise exception_class(message, screen, stacktrace)\n"}, "steps": [{"name": "Кликнуть на элемент с ожиданием", "status": "broken", "statusDetails": {"message": "selenium.common.exceptions.ElementClickInterceptedException: Message: Element <div id=\"accordion__heading-6\" class=\"accordion__button\"> is not clickable at point (951,406) because another element <img src=\"/assets/scooter.png\"> obscures it; For documentation on this error, please visit: https://www.selenium.dev/documentation/webdriver/troubleshooting/errors#elementclickinterceptedexception\nStacktrace:\nRemoteError@chrome://remote/content/shared/RemoteError.sys.mjs:8:8\nWebDriverError@chrome://remote/content/shared/webdriver/Errors.sys.mjs:202:5\nElementClickInterceptedError@chrome://remote/content/shared/webdriver/Errors.sys.mjs:354:5\nwebdriverClickElement@chrome://remote/content/marionette/interaction.sys.mjs:175:11\ninteraction.clickElement@chrome://remote/content/marionette/interaction.sys.mjs:134:11\nclickElement@chrome://remote/content/marionette/actors/MarionetteCommandsChild.sys.mjs:327:29\nreceiveMessage@chrome://remote/content/marionette/actors/MarionetteCommandsChild.sys.mjs:210:31\n\n", "trace": "  File \"/Users/elizavetaalekseeva/Desktop/Sprint_6/Sprint_6/.venv-1/lib/python3.13/site-packages/allure_commons/_allure.py\", line 202, in impl\n    return func(*a, **kw)\n  File \"/Users/elizavetaalekseeva/Desktop/Sprint_6/Sprint_6/page/base_page.py\", line 52, in click_on_element_with_wait\n    element.click()\n    ~~~~~~~~~~~~~^^\n  File \"/Users/elizavetaalekseeva/Desktop/Sprint_6/Sprint_6/.venv-1/lib/python3.13/site-packages/selenium/webdriver/remote/webelement.py\", line 120, in click\n    self._execute(Command.CLICK_ELEMENT)\n    ~~~~~~~~~~~~~^^^^^^^^^^^^^^^^^^^^^^^\n  File \"/Users/elizavetaalekseeva/Desktop/Sprint_6/Sprint_6/.venv-1/lib/python3.13/site-packages/selenium/webdriver/remote/webelement.py\", line 573, in _execute\n    return self._parent.execute(command, params)\n           ~~~~~~~~~~~~~~~~~~~~^^^^^^^^^^^^^^^^^\n  File \"/Users/elizavetaalekseeva/Desktop/Sprint_6/Sprint_6/.venv-1/lib/python3.13/site-packages/selenium/webdriver/remote/webdriver.py\", line 458, in execute\n    self.error_handler.check_response(response)\n    ~~~~~~~~~~~~~~~~~~~~~~~~~~~~~~~~~^^^^^^^^^^\n  File \"/Users/elizavetaalekseeva/Desktop/Sprint_6/Sprint_6/.venv-1/lib/python3.13/site-packages/selenium/webdriver/remote/errorhandler.py\", line 232, in check_response\n    raise exception_class(message, screen, stacktrace)\n"}, "parameters": [{"name": "locator", "value": "('id', 'accordion__heading-6')"}, {"name": "timeout", "value": "10"}], "start": 1759065736646, "stop": 1759065736653}], "parameters": [{"name": "data", "value": "6"}], "start": 1759065736646, "stop": 1759065736654}], "parameters": [{"name": "question_namber", "value": "6"}, {"name": "expected_answer", "value": "'Да, пока самокат не привезли. Штрафа не будет, объяснительной записки тоже не попросим. Все же свои.'"}], "start": 1759065736560, "stop": 1759065736655, "uuid": "03cbb89e-ce78-4f64-ab04-9df27e4cb08e", "historyId": "92b582f3b01d103f6bdf8b74a824e774", "testCaseId": "d7cb5b7cd6ba0ed80632c26297a80b62", "fullName": "tests.test_main_page.TestMainPageFAQ#test_click_to_question_and_get_answer", "labels": [{"name": "parentSuite", "value": "tests"}, {"name": "suite", "value": "test_main_page"}, {"name": "subSuite", "value": "TestMainPageFAQ"}, {"name": "host", "value": "MacBook-Air-Elizaveta.local"}, {"name": "thread", "value": "7025-MainThread"}, {"name": "framework", "value": "pytest"}, {"name": "language", "value": "cpython3"}, {"name": "package", "value": "tests.test_main_page"}], "titlePath": ["tests", "test_main_page.py", "TestMainPageFAQ"]}